  service apache2 restart
Restarting Apache2...
/etc/init.d/apache2 restart
 * Restarting web server apache2
   ...done.
Performing some tests on the new Apache2 instance...
Checking if the Apache2 instance is up and running...

-----------------------
 Installing PhpMyAdmin 
-----------------------

Installing PhpMyAdmin...

---------------------
 Installing Virtuoso 
---------------------

apt-mark unhold php5-odbc
Canceled hold on php5-odbc.
dpkg -i --ignore-depends=libiodbc2 resources/php5/php5-odbc_5.5.9+dfsg-1ubuntu4.3_amd64.deb
(Reading database ... 207367 files and directories currently installed.)
Preparing to unpack .../php5-odbc_5.5.9+dfsg-1ubuntu4.3_amd64.deb ...
Unpacking php5-odbc (5.5.9+dfsg-1ubuntu4.3) over (5.5.9+dfsg-1ubuntu4.3) ...
Setting up php5-odbc (5.5.9+dfsg-1ubuntu4.3) ...
Processing triggers for libapache2-mod-php5 (5.5.9+dfsg-1ubuntu4.3) ...
apt-mark hold php5-odbc
php5-odbc set on hold.
mkdir -p /tmp/libodbc2-install/
cd /tmp/libodbc2-install/
apt-get download libiodbc2
Get:1 http://us.archive.ubuntu.com/ubuntu/ trusty/main libiodbc2 amd64 3.52.7-3.1 [135 kB]
Fetched 135 kB in 0s (163 kB/s)
ar vx *odbc*.deb
x - debian-binary
x - control.tar.gz
x - data.tar.xz
tar -xzvf data.tar.gz
A non-recoverable error happened. Check the log to see what was the error: /tmp/osf-install-2014-08-03_20:46:53.log
Do you want to continue the execution. If yes, then try to fix this error by hands before continuing, otherwise errors may occurs later in the process? (yes/no)
: [USER-INPUT]: no

