band@xenon:/tmp/php5-install/update/build/php5-5.5.9+dfsg$ ls -l ..
total 78856
-rw-r--r--  1 root root  2207388 Aug  1 16:45 libapache2-mod-php5_5.5.9+dfsg-1ubuntu4.3_amd64.deb
-rw-r--r--  1 root root  2207678 Aug  1 16:45 libapache2-mod-php5filter_5.5.9+dfsg-1ubuntu4.3_amd64.deb
-rw-r--r--  1 root root  2205400 Aug  1 16:46 libphp5-embed_5.5.9+dfsg-1ubuntu4.3_amd64.deb
drwxr-xr-x 26 root root     4096 Aug  1 16:44 php5-5.5.9+dfsg
-rw-r--r--  1 root root     1310 Aug  1 16:47 php5_5.5.9+dfsg-1ubuntu4.3_all.deb
-rw-r--r--  1 root root 21429261 Aug  1 16:50 php5_5.5.9+dfsg-1ubuntu4.3_amd64.build
-rw-r--r--  1 root root    14184 Aug  1 16:47 php5_5.5.9+dfsg-1ubuntu4.3_amd64.changes
-rw-r--r--  1 root root   157211 Aug  1 15:16 php5_5.5.9+dfsg-1ubuntu4.3.debian.tar.gz
-rw-r--r--  1 root root     3524 Aug  1 15:16 php5_5.5.9+dfsg-1ubuntu4.3.dsc
-rw-r--r--  1 root root 10833076 Feb 17 16:44 php5_5.5.9+dfsg.orig.tar.xz
-rw-r--r--  1 root root  4278084 Aug  1 16:45 php5-cgi_5.5.9+dfsg-1ubuntu4.3_amd64.deb
-rw-r--r--  1 root root  2164044 Aug  1 16:45 php5-cli_5.5.9+dfsg-1ubuntu4.3_amd64.deb
-rw-r--r--  1 root root   652860 Aug  1 16:45 php5-common_5.5.9+dfsg-1ubuntu4.3_amd64.deb
-rw-r--r--  1 root root    27198 Aug  1 16:47 php5-curl_5.5.9+dfsg-1ubuntu4.3_amd64.deb
-rw-r--r--  1 root root 31067532 Aug  1 16:47 php5-dbg_5.5.9+dfsg-1ubuntu4.3_amd64.deb
-rw-r--r--  1 root root   357206 Aug  1 16:46 php5-dev_5.5.9+dfsg-1ubuntu4.3_amd64.deb
-rw-r--r--  1 root root     9186 Aug  1 16:47 php5-enchant_5.5.9+dfsg-1ubuntu4.3_amd64.deb
-rw-r--r--  1 root root  2190844 Aug  1 16:46 php5-fpm_5.5.9+dfsg-1ubuntu4.3_amd64.deb
-rw-r--r--  1 root root    27886 Aug  1 16:47 php5-gd_5.5.9+dfsg-1ubuntu4.3_amd64.deb
-rw-r--r--  1 root root    14782 Aug  1 16:47 php5-gmp_5.5.9+dfsg-1ubuntu4.3_amd64.deb
-rw-r--r--  1 root root   108766 Aug  1 16:47 php5-intl_5.5.9+dfsg-1ubuntu4.3_amd64.deb
-rw-r--r--  1 root root    19132 Aug  1 16:47 php5-ldap_5.5.9+dfsg-1ubuntu4.3_amd64.deb
-rw-r--r--  1 root root    63094 Aug  1 16:47 php5-mysql_5.5.9+dfsg-1ubuntu4.3_amd64.deb
-rw-r--r--  1 root root   135326 Aug  1 16:47 php5-mysqlnd_5.5.9+dfsg-1ubuntu4.3_amd64.deb
-rw-r--r--  1 root root    30370 Aug  1 16:47 php5-odbc_5.5.9+dfsg-1ubuntu4.3_amd64.deb
-rw-r--r--  1 root root    51694 Aug  1 16:47 php5-pgsql_5.5.9+dfsg-1ubuntu4.3_amd64.deb
-rw-r--r--  1 root root     8048 Aug  1 16:47 php5-pspell_5.5.9+dfsg-1ubuntu4.3_amd64.deb
-rw-r--r--  1 root root    12068 Aug  1 16:47 php5-readline_5.5.9+dfsg-1ubuntu4.3_amd64.deb
-rw-r--r--  1 root root     5402 Aug  1 16:47 php5-recode_5.5.9+dfsg-1ubuntu4.3_amd64.deb
-rw-r--r--  1 root root    19176 Aug  1 16:47 php5-snmp_5.5.9+dfsg-1ubuntu4.3_amd64.deb
-rw-r--r--  1 root root    24424 Aug  1 16:47 php5-sqlite_5.5.9+dfsg-1ubuntu4.3_amd64.deb
-rw-r--r--  1 root root    23954 Aug  1 16:47 php5-sybase_5.5.9+dfsg-1ubuntu4.3_amd64.deb
-rw-r--r--  1 root root    16214 Aug  1 16:47 php5-tidy_5.5.9+dfsg-1ubuntu4.3_amd64.deb
-rw-r--r--  1 root root    34422 Aug  1 16:47 php5-xmlrpc_5.5.9+dfsg-1ubuntu4.3_amd64.deb
-rw-r--r--  1 root root    13780 Aug  1 16:47 php5-xsl_5.5.9+dfsg-1ubuntu4.3_amd64.deb
-rw-r--r--  1 root root   266684 Aug  1 16:47 php-pear_5.5.9+dfsg-1ubuntu4.3_all.deb
band@xenon:/tmp/php5-install/update/build/php5-5.5.9+dfsg$ 

